Removed Pin From Net: NetName=row1 Pin=U2-1
Removed Pin From Net: NetName=row2 Pin=U2-2
Removed Pin From Net: NetName=row3 Pin=U2-3
Removed Pin From Net: NetName=row4 Pin=U2-4
Removed Pin From Net: NetName=col1 Pin=U2-5
Removed Pin From Net: NetName=col2 Pin=U2-6
Removed Pin From Net: NetName=col3 Pin=U2-7
Removed Pin From Net: NetName=col4 Pin=U2-8
Removed Pin From Net: NetName=D7 Pin=U2-33
Removed Pin From Net: NetName=D6 Pin=U2-34
Removed Pin From Net: NetName=D5 Pin=U2-35
Removed Pin From Net: NetName=D4 Pin=U2-36
Removed Pin From Net: NetName=D3 Pin=U2-37
Removed Pin From Net: NetName=D2 Pin=U2-38
Removed Pin From Net: NetName=D1 Pin=U2-39
Removed Pin From Net: NetName=D0 Pin=U2-40
Added Pin To Net: NetName=D0 Pin=U2-1
Added Pin To Net: NetName=D1 Pin=U2-2
Added Pin To Net: NetName=D2 Pin=U2-3
Added Pin To Net: NetName=D3 Pin=U2-4
Added Pin To Net: NetName=D4 Pin=U2-5
Added Pin To Net: NetName=D5 Pin=U2-6
Added Pin To Net: NetName=D6 Pin=U2-7
Added Pin To Net: NetName=D7 Pin=U2-8
Added Pin To Net: NetName=col4 Pin=U2-33
Added Pin To Net: NetName=col3 Pin=U2-34
Added Pin To Net: NetName=col2 Pin=U2-35
Added Pin To Net: NetName=col1 Pin=U2-36
Added Pin To Net: NetName=row4 Pin=U2-37
Added Pin To Net: NetName=row3 Pin=U2-38
Added Pin To Net: NetName=row2 Pin=U2-39
Added Pin To Net: NetName=row1 Pin=U2-40
