Removed Member From Class: ClassName=Smart_Restaurant Member=CON?
Added Component: Designator=P?(TE_282837-2)
Add component. Clean all parameters for all variants
Add component (AddParameter): Name = "Availability"; Value = "Good"; VariantName = "[No Variations]"
Add component (AddParameter): Name = "Check_prices"; Value = "https://www.snapeda.com/parts/282837-2/TE%20Connectivity%20AMP%20Connectors/view-part/2549980/?ref=eda"; VariantName = "[No Variations]"
Add component (AddParameter): Name = "MF"; Value = "TE Connectivity"; VariantName = "[No Variations]"
Add component (AddParameter): Name = "MP"; Value = "282837-2"; VariantName = "[No Variations]"
Add component (AddParameter): Name = "Package"; Value = "None"; VariantName = "[No Variations]"
Add component (AddParameter): Name = "Price"; Value = "None"; VariantName = "[No Variations]"
Add component (AddParameter): Name = "Purchase-URL"; Value = "https://pricing.snapeda.com/search/part/282837-2/?ref=eda"; VariantName = "[No Variations]"
Add component (AddParameter): Name = "SnapEDA_Link"; Value = "https://www.snapeda.com/parts/282837-2/TE%20Connectivity%20AMP%20Connectors/view-part/2549980/?ref=snap"; VariantName = "[No Variations]"
Add component (AddParameter): Name = "Value"; Value = ""; VariantName = "[No Variations]"
Added Member To Class: ClassName=Smart_Restaurant Member=Component C? Cap
Added Member To Class: ClassName=Smart_Restaurant Member=Component P? Bluetooth
Added Member To Class: ClassName=Smart_Restaurant Member=Component P? 282837-2
Added Member To Class: ClassName=Smart_Restaurant Member=Component P? Keypad
Added Member To Class: ClassName=Smart_Restaurant Member=Component R? 10K
Added Member To Class: ClassName=Smart_Restaurant Member=Component R? 10K
Added Member To Class: ClassName=Smart_Restaurant Member=Component R? 10K
Added Member To Class: ClassName=Smart_Restaurant Member=Component R? 10K
Added Member To Class: ClassName=Smart_Restaurant Member=Component U? L7805CV
Added Member To Class: ClassName=Smart_Restaurant Member=Component U? ATmega16L-8PI
